0 info it worked if it ends with ok
1 verbose cli [ '/usr/bin/node', '/usr/bin/npm', 'adduser' ]
2 info using npm@1.4.28
3 info using node@v0.10.38
4 verbose node symlink /usr/bin/node
5 verbose adduser before first PUT { name: 'miamarti',
5 verbose adduser   password: 'XXXXX',
5 verbose adduser   email: 'miller.augusto@gmail.com',
5 verbose adduser   _id: 'org.couchdb.user:miamarti',
5 verbose adduser   type: 'user',
5 verbose adduser   roles: [],
5 verbose adduser   date: '2015-06-02T15:44:57.193Z' }
6 verbose request where is /-/user/org.couchdb.user:miamarti
7 verbose request registry https://registry.npmjs.org/
8 verbose request id 7911425e28af7971
9 verbose url raw /-/user/org.couchdb.user:miamarti
10 verbose url resolving [ 'https://registry.npmjs.org/',
10 verbose url resolving   './-/user/org.couchdb.user:miamarti' ]
11 verbose url resolved https://registry.npmjs.org/-/user/org.couchdb.user:miamarti
12 verbose request where is https://registry.npmjs.org/-/user/org.couchdb.user:miamarti
13 info trying registry request attempt 1 at 12:44:57
14 http PUT https://registry.npmjs.org/-/user/org.couchdb.user:miamarti
15 http 400 https://registry.npmjs.org/-/user/org.couchdb.user:miamarti
16 verbose headers { 'content-type': 'application/json',
16 verbose headers   'cache-control': 'max-age=60',
16 verbose headers   'content-length': '57',
16 verbose headers   'accept-ranges': 'bytes',
16 verbose headers   date: 'Tue, 02 Jun 2015 15:44:58 GMT',
16 verbose headers   via: '1.1 varnish',
16 verbose headers   connection: 'keep-alive',
16 verbose headers   'x-served-by': 'cache-atl6227-ATL',
16 verbose headers   'x-cache': 'MISS',
16 verbose headers   'x-cache-hits': '0',
16 verbose headers   'x-timer': 'S1433259898.496615,VS0,VE309' }
17 verbose adduser back [ [Error: Unknown error while authenticating : -/user/org.couchdb.user:miamarti],
17 verbose adduser   { ok: false, error: 'Unknown error while authenticating' },
17 verbose adduser   '{"ok":false,"error":"Unknown error while authenticating"}' ]
18 error Error: Unknown error while authenticating : -/user/org.couchdb.user:miamarti
18 error     at RegClient.<anonymous> (/usr/lib/node_modules/npm/node_modules/npm-registry-client/lib/request.js:308:14)
18 error     at Request._callback (/usr/lib/node_modules/npm/node_modules/npm-registry-client/lib/request.js:246:65)
18 error     at Request.self.callback (/usr/lib/node_modules/npm/node_modules/request/request.js:236:22)
18 error     at Request.emit (events.js:98:17)
18 error     at Request.<anonymous> (/usr/lib/node_modules/npm/node_modules/request/request.js:1142:14)
18 error     at Request.emit (events.js:117:20)
18 error     at IncomingMessage.<anonymous> (/usr/lib/node_modules/npm/node_modules/request/request.js:1096:12)
18 error     at IncomingMessage.emit (events.js:117:20)
18 error     at _stream_readable.js:944:16
18 error     at process._tickCallback (node.js:448:13)
19 error If you need help, you may report this *entire* log,
19 error including the npm and node versions, at:
19 error     <http://github.com/npm/npm/issues>
20 error System Linux 3.13.0-24-generic
21 error command "/usr/bin/node" "/usr/bin/npm" "adduser"
22 error cwd /home/miller/git/nodejs-restful
23 error node -v v0.10.38
24 error npm -v 1.4.28
25 verbose exit [ 1, true ]
